[00:58:46] [ServerMain/INFO]: [bootstrap] Running Java 21 (OpenJDK 64-Bit Server VM 21.0.5+11-Ubuntu-1ubuntu120.04; Ubuntu null) on Linux 6.5.0-1025-azure (amd64)
[00:58:46] [ServerMain/INFO]: [bootstrap] Loading Paper 1.21.3-63-master@4190ee7 (2024-11-25T18:59:19Z) for Minecraft 1.21.3
[00:58:46] [ServerMain/INFO]: [PluginInitializerManager] Initializing plugins...
[00:58:47] [Paper Plugin Remapper Thread - 2/INFO]: [PluginRemapper] Remapping plugin 'plugins/BlockLocker.jar'...
[00:58:47] [Paper Plugin Remapper Thread - 3/INFO]: [PluginRemapper] Remapping plugin 'plugins/SetHome-6.2.3.jar'...
[00:58:47] [Paper Plugin Remapper Thread - 1/INFO]: [PluginRemapper] Remapping plugin 'plugins/SkinsRestorer.jar'...
[00:58:47] [Paper Plugin Remapper Thread - 0/INFO]: [PluginRemapper] Remapping plugin 'plugins/sleep-most-5.5.1.jar'...
[00:58:48] [Paper Plugin Remapper Thread - 3/INFO]: [PluginRemapper] Done remapping plugin 'plugins/SetHome-6.2.3.jar' in 1116ms.
[00:58:48] [Paper Plugin Remapper Thread - 2/INFO]: [PluginRemapper] Done remapping plugin 'plugins/BlockLocker.jar' in 1453ms.
[00:58:49] [Paper Plugin Remapper Thread - 0/INFO]: [PluginRemapper] Done remapping plugin 'plugins/sleep-most-5.5.1.jar' in 1302ms.
[00:58:50] [Paper Plugin Remapper Thread - 1/INFO]: [PluginRemapper] Done remapping plugin 'plugins/SkinsRestorer.jar' in 3090ms.
[00:58:50] [ServerMain/INFO]: [PluginInitializerManager] Initialized 4 plugins
[00:58:50] [ServerMain/INFO]: [PluginInitializerManager] Bukkit plugins (4):
 - BlockLocker (1.12.2), SetHome (6.2.3), SkinsRestorer (15.4.4), sleep-most (5.5.1)
[00:58:57] [ServerMain/INFO]: Environment: Environment[sessionHost=https://sessionserver.mojang.com, servicesHost=https://api.minecraftservices.com, name=PROD]
[00:59:00] [ServerMain/INFO]: Loaded 1337 recipes
[00:59:00] [ServerMain/INFO]: Loaded 1448 advancements
[00:59:00] [Server thread/INFO]: Starting minecraft server version 1.21.3
[00:59:00] [Server thread/INFO]: Loading properties
[00:59:00] [Server thread/INFO]: This server is running Paper version 1.21.3-63-master@4190ee7 (2024-11-25T18:59:19Z) (Implementing API version 1.21.3-R0.1-SNAPSHOT)
[00:59:01] [Server thread/INFO]: [spark] This server bundles the spark profiler. For more information please visit https://docs.papermc.io/paper/profiling
[00:59:01] [Server thread/INFO]: Server Ping Player Sample Count: 12
[00:59:01] [Server thread/INFO]: Using 4 threads for Netty based IO
[00:59:02] [Server thread/INFO]: [MoonriseCommon] Paper is using 1 worker threads, 1 I/O threads
[00:59:02] [Server thread/INFO]: [ChunkTaskScheduler] Chunk system is using population gen parallelism: true
[00:59:03] [Server thread/INFO]: Default game type: SURVIVAL
[00:59:03] [Server thread/INFO]: Generating keypair
[00:59:03] [Server thread/INFO]: Starting Minecraft server on *:25565
[00:59:03] [Server thread/INFO]: Using epoll channel type
[00:59:04] [Server thread/INFO]: Paper: Using libdeflate (Linux x86_64) compression from Velocity.
[00:59:04] [Server thread/INFO]: Paper: Using OpenSSL 1.1.x (Linux x86_64) cipher from Velocity.
[00:59:04] [Server thread/INFO]: [sleep-most] Loading server plugin sleep-most v5.5.1
[00:59:04] [Server thread/INFO]: [SkinsRestorer] Loading server plugin SkinsRestorer v15.4.4
[00:59:04] [Server thread/INFO]: [SetHome] Loading server plugin SetHome v6.2.3
[00:59:04] [Server thread/INFO]: [BlockLocker] Loading server plugin BlockLocker v1.12.2
[00:59:04] [Server thread/INFO]: Server permissions file permissions.yml is empty, ignoring it
[00:59:04] [Server thread/INFO]: [SkinsRestorer] Enabling SkinsRestorer v15.4.4
[00:59:05] [Server thread/WARN]: [SkinsRestorer] You must agree to the rules at 'commands.perSkinPermissionsConsent' in the config to use per skin permissions.
[00:59:05] [Server thread/INFO]: [SkinsRestorer] Running on Minecraft 1.21.3.
[00:59:06] [Server thread/INFO]: [SkinsRestorer] Using paper join listener!
[00:59:06] [Server thread/INFO]: [BlockLocker] Enabling BlockLocker v1.12.2
[00:59:06] [Server thread/INFO]: [BlockLocker] Saving translations
[00:59:06] [Folia Async Scheduler Thread #1/INFO]: [SkinsRestorer] ----------------------------------------------
[00:59:06] [Folia Async Scheduler Thread #1/INFO]: [SkinsRestorer]     +==================+
[00:59:06] [Folia Async Scheduler Thread #1/INFO]: [SkinsRestorer]     |   SkinsRestorer  |
[00:59:06] [Folia Async Scheduler Thread #1/INFO]: [SkinsRestorer]     |------------------|
[00:59:06] [Folia Async Scheduler Thread #1/INFO]: [SkinsRestorer]     |  Standalone Mode |
[00:59:06] [Folia Async Scheduler Thread #1/INFO]: [SkinsRestorer]     +==================+
[00:59:06] [Folia Async Scheduler Thread #1/INFO]: [SkinsRestorer] ----------------------------------------------
[00:59:06] [Folia Async Scheduler Thread #1/INFO]: [SkinsRestorer]     Version: 15.4.4
[00:59:06] [Folia Async Scheduler Thread #1/INFO]: [SkinsRestorer]     Commit: dc501c7
[00:59:06] [Folia Async Scheduler Thread #1/INFO]: [SkinsRestorer]     This is the latest version!
[00:59:06] [Folia Async Scheduler Thread #1/INFO]: [SkinsRestorer] ----------------------------------------------
[00:59:06] [Folia Async Scheduler Thread #1/INFO]: [SkinsRestorer] Do you have issues? Read our troubleshooting guide: https://skinsrestorer.net/docs/troubleshooting
[00:59:06] [Folia Async Scheduler Thread #1/INFO]: [SkinsRestorer] Want to support SkinsRestorer? Consider donating: https://skinsrestorer.net/donate
[00:59:06] [Server thread/WARN]: **** SERVER IS RUNNING IN OFFLINE/INSECURE MODE!
[00:59:06] [Server thread/WARN]: The server will make no attempt to authenticate usernames. Beware.
[00:59:06] [Server thread/WARN]: While this makes the game possible to play without internet access, it also opens up the ability for hackers to connect with any username they choose.
[00:59:06] [Server thread/WARN]: To change this, set "online-mode" to "true" in the server.properties file.
[00:59:06] [Server thread/INFO]: Preparing level "world"
[00:59:07] [Server thread/INFO]: Preparing start region for dimension minecraft:overworld
[00:59:08] [Server thread/INFO]: Preparing spawn area: 0%
[00:59:08] [Server thread/INFO]: Preparing spawn area: 2%
[00:59:08] [Paper Common Worker #0/INFO]: [MCTypeRegistry] Initialising converters for DataConverter...
[00:59:09] [Paper Common Worker #0/INFO]: [MCTypeRegistry] Finished initialising converters for DataConverter in 641.3ms
[00:59:09] [Server thread/INFO]: Preparing spawn area: 2%
[00:59:09] [Server thread/INFO]: Preparing spawn area: 2%
[00:59:10] [Server thread/INFO]: Preparing spawn area: 2%
[00:59:10] [Server thread/INFO]: Preparing spawn area: 2%
[00:59:10] [Server thread/INFO]: Time elapsed: 2610 ms
[00:59:10] [Server thread/INFO]: Preparing start region for dimension minecraft:the_nether
[00:59:10] [Server thread/INFO]: Preparing spawn area: 0%
[00:59:10] [Server thread/INFO]: Time elapsed: 368 ms
[00:59:10] [Server thread/INFO]: Preparing start region for dimension minecraft:the_end
[00:59:10] [Server thread/INFO]: Preparing spawn area: 0%
[00:59:10] [Server thread/INFO]: Time elapsed: 219 ms
[00:59:10] [Server thread/INFO]: [sleep-most] Enabling sleep-most v5.5.1
[00:59:11] [Server thread/INFO]: [SetHome] Enabling SetHome v6.2.3
[00:59:11] [Server thread/INFO]: [spark] Starting background profiler...
[00:59:11] [Server thread/INFO]: Done preparing level "world" (4.923s)
[00:59:11] [Server thread/INFO]: Running delayed init tasks
[00:59:11] [Server thread/INFO]: Done (26.521s)! For help, type "help"
[01:04:32] [User Authenticator #0/INFO]: UUID of player Luis30_31_3 is 4d301ca0-3430-30f1-9033-8b1982fb4447
[01:04:38] [Server thread/INFO]: Luis30_31_3 joined the game
[01:04:38] [Server thread/INFO]: Luis30_31_3[/127.11.207.12:53601] logged in with entity id 37 at ([world]5.5, 121.0, 9.5)
[01:05:27] [Server thread/INFO]: Luis30_31_3 issued server command: /skin set vegetta777
[01:06:14] [Server thread/INFO]: Made Luis30_31_3 a server operator
[01:06:18] [Server thread/INFO]: Luis30_31_3 issued server command: /gamemode creative
[01:06:18] [Server thread/INFO]: [Luis30_31_3: Set own game mode to Creative Mode]
[01:07:36] [Server thread/INFO]: Luis30_31_3 lost connection: Disconnected
[01:07:36] [Server thread/INFO]: Luis30_31_3 left the game
[01:07:43] [Server thread/INFO]: Stopping the server
[01:07:43] [Server thread/INFO]: Stopping server
[01:07:43] [Server thread/INFO]: [BlockLocker] Disabling BlockLocker v1.12.2
[01:07:43] [Server thread/INFO]: [SetHome] Disabling SetHome v6.2.3
[01:07:43] [Server thread/INFO]: [SkinsRestorer] Disabling SkinsRestorer v15.4.4
[01:07:43] [Server thread/INFO]: [sleep-most] Disabling sleep-most v5.5.1
[01:07:43] [Server thread/INFO]: Saving players
[01:07:43] [Server thread/INFO]: Saving worlds
[01:07:43] [Server thread/INFO]: Saving chunks for level 'ServerLevel[world]'/minecraft:overworld
[01:07:43] [Server thread/INFO]: [ChunkHolderManager] Waiting 60s for chunk system to halt for world 'world'
[01:07:43] [Server thread/INFO]: [ChunkHolderManager] Halted chunk system for world 'world'
[01:07:43] [Server thread/INFO]: [ChunkHolderManager] Saving all chunkholders for world 'world'
[01:07:46] [Server thread/INFO]: [ChunkHolderManager] Saved 832 block chunks, 606 entity chunks, 17 poi chunks in world 'world' in 2.56s
[01:07:46] [Server thread/INFO]: [ChunkHolderManager] Waiting 60s for chunk I/O to halt for world 'world'
[01:07:46] [Server thread/INFO]: [ChunkHolderManager] Halted I/O scheduler for world 'world'
[01:07:46] [Server thread/INFO]: Saving chunks for level 'ServerLevel[world_nether]'/minecraft:the_nether
[01:07:46] [Server thread/INFO]: [ChunkHolderManager] Waiting 60s for chunk system to halt for world 'world_nether'
[01:07:46] [Server thread/INFO]: [ChunkHolderManager] Halted chunk system for world 'world_nether'
[01:07:46] [Server thread/INFO]: [ChunkHolderManager] Saving all chunkholders for world 'world_nether'
[01:07:46] [Server thread/INFO]: [ChunkHolderManager] Saved 0 block chunks, 0 entity chunks, 0 poi chunks in world 'world_nether' in 0.00s
[01:07:46] [Server thread/INFO]: [ChunkHolderManager] Waiting 60s for chunk I/O to halt for world 'world_nether'
[01:07:46] [Server thread/INFO]: [ChunkHolderManager] Halted I/O scheduler for world 'world_nether'
[01:07:46] [Server thread/INFO]: Saving chunks for level 'ServerLevel[world_the_end]'/minecraft:the_end
[01:07:46] [Server thread/INFO]: [ChunkHolderManager] Waiting 60s for chunk system to halt for world 'world_the_end'
[01:07:46] [Server thread/INFO]: [ChunkHolderManager] Halted chunk system for world 'world_the_end'
[01:07:46] [Server thread/INFO]: [ChunkHolderManager] Saving all chunkholders for world 'world_the_end'
[01:07:46] [Server thread/INFO]: [ChunkHolderManager] Saved 0 block chunks, 10 entity chunks, 0 poi chunks in world 'world_the_end' in 0.00s
[01:07:46] [Server thread/INFO]: [ChunkHolderManager] Waiting 60s for chunk I/O to halt for world 'world_the_end'
[01:07:46] [Server thread/INFO]: [ChunkHolderManager] Halted I/O scheduler for world 'world_the_end'
[01:07:46] [Server thread/INFO]: ThreadedAnvilChunkStorage (world): All chunks are saved
[01:07:46] [Server thread/INFO]: ThreadedAnvilChunkStorage (DIM-1): All chunks are saved
[01:07:46] [Server thread/INFO]: ThreadedAnvilChunkStorage (DIM1): All chunks are saved
[01:07:46] [Server thread/INFO]: ThreadedAnvilChunkStorage: All dimensions are saved
[01:07:46] [Server thread/INFO]: Waiting for I/O tasks to complete...
[01:07:46] [Server thread/INFO]: All I/O tasks to complete
[01:07:46] [Server thread/INFO]: [MoonriseCommon] Awaiting termination of worker pool for up to 60s...
[01:07:46] [Server thread/INFO]: [MoonriseCommon] Awaiting termination of I/O pool for up to 60s...
